root - DEBUG - Card object created name = None, value = -1, points = -1 - 17
root - DEBUG - CardSet __init__
None	
-1	
-1	
total points: -1 - 81
root - WARNING - CardSet init - set with card(s) of None type created! - 83
root - DEBUG - Card object created name = 8s, value = 8, points = 0 - 17
root - DEBUG - Card object created name = Tc, value = 10, points = 1 - 17
root - DEBUG - Card object created name = 2h, value = 2, points = 0 - 17
root - DEBUG - Card object created name = 6c, value = 6, points = 0 - 17
root - DEBUG - CardSet __init__
8s	Tc	2h	6c	
8	10	2	6	
0	1	0	0	
total points: 1 - 81
root - DEBUG - Card object created name = 4h, value = 4, points = 0 - 17
root - DEBUG - Card object created name = 7d, value = 7, points = 0 - 17
root - DEBUG - Card object created name = Dc, value = 13, points = 1 - 17
root - DEBUG - Card object created name = Ts, value = 10, points = 1 - 17
root - DEBUG - Card object created name = Jh, value = 12, points = 1 - 17
root - DEBUG - Card object created name = Ad, value = 1, points = 1 - 17
root - DEBUG - CardSet __init__
4h	7d	Dc	Ts	Jh	Ad	
4	7	13	10	12	1	
0	0	1	1	1	1	
total points: 4 - 81
root - DEBUG - Card object created name = 8c, value = 8, points = 0 - 17
root - DEBUG - Card object created name = Jc, value = 12, points = 1 - 17
root - DEBUG - Card object created name = Ac, value = 1, points = 1 - 17
root - DEBUG - Card object created name = 3h, value = 3, points = 0 - 17
root - DEBUG - Card object created name = 6h, value = 6, points = 0 - 17
root - DEBUG - Card object created name = Dh, value = 13, points = 1 - 17
root - DEBUG - CardSet __init__
8c	Jc	Ac	3h	6h	Dh	
8	12	1	3	6	13	
0	1	1	0	0	1	
total points: 3 - 81
root - DEBUG - Card object created name = Ts, value = 10, points = 1 - 17
root - DEBUG - CardSet.removeCard(self,card): Ts | 10 | 1 Card removed! - 203
root - DEBUG - CardValueCombinations for the thrown card: Ts, with the available talon:['8s', 'Tc', '2h', '6c'] are: [[10], [8, 2]] - 337
root - DEBUG - Card object created name = 8s, value = 8, points = 0 - 17
root - DEBUG - Card object created name = Tc, value = 10, points = 1 - 17
root - DEBUG - Card object created name = 2h, value = 2, points = 0 - 17
root - DEBUG - Card object created name = 6c, value = 6, points = 0 - 17
root - DEBUG - CardSet __init__
8s	Tc	2h	6c	
8	10	2	6	
0	1	0	0	
total points: 1 - 81
root - DEBUG - CardSet __init__
Veliko masno debelo!Same card set of cards with value: 8Number of cards is : 1
8s	
8	
0	
total points: 0 - 81
root - DEBUG - CardSet __init__
Veliko masno debelo!Same card set of cards with value: 10Number of cards is : 1
Tc	
10	
1	
total points: 1 - 81
root - DEBUG - CardSet __init__
Veliko masno debelo!Same card set of cards with value: 2Number of cards is : 1
2h	
2	
0	
total points: 0 - 81
root - DEBUG - CardSet __init__
Veliko masno debelo!Same card set of cards with value: 6Number of cards is : 1
6c	
6	
0	
total points: 0 - 81
root - DEBUG - Card object created name = None, value = -1, points = -1 - 17
root - DEBUG - Card object created name = 8s, value = 8, points = 0 - 17
root - DEBUG - Card object created name = Tc, value = 10, points = 1 - 17
root - DEBUG - Card object created name = 2h, value = 2, points = 0 - 17
root - DEBUG - Card object created name = 6c, value = 6, points = 0 - 17
root - DEBUG - CardSet __init__
8s	Tc	2h	6c	
8	10	2	6	
0	1	0	0	
total points: 1 - 81
root - DEBUG - Card object created name = Tc, value = 10, points = 1 - 17
root - DEBUG - play(self,card): candidate: Tc | 10 | 1 - 373
root - DEBUG - play(self,card): pendingCombination.append(candidate) - pendingCombination: ['Tc | 10 | 1'] - 377
root - DEBUG - CardSet.removeCard(self,card): Tc | 10 | 1 Card removed! - 203
root - DEBUG - Card object created name = None, value = -1, points = -1 - 17
root - DEBUG - CardSet __init__
Tc	
10	
1	
total points: 1 - 81
root - DEBUG - Card object created name = 8s, value = 8, points = 0 - 17
root - DEBUG - Card object created name = Tc, value = 10, points = 1 - 17
root - DEBUG - Card object created name = 2h, value = 2, points = 0 - 17
root - DEBUG - Card object created name = 6c, value = 6, points = 0 - 17
root - DEBUG - CardSet __init__
8s	Tc	2h	6c	
8	10	2	6	
0	1	0	0	
total points: 1 - 81
root - DEBUG - Card object created name = 8s, value = 8, points = 0 - 17
root - DEBUG - play(self,card): candidate: 8s | 8 | 0 - 373
root - DEBUG - play(self,card): pendingCombination.append(candidate) - pendingCombination: ['8s | 8 | 0'] - 377
root - DEBUG - CardSet.removeCard(self,card): 8s | 8 | 0 Card removed! - 203
root - DEBUG - Card object created name = None, value = -1, points = -1 - 17
root - DEBUG - Card object created name = 2h, value = 2, points = 0 - 17
root - DEBUG - play(self,card): candidate: 2h | 2 | 0 - 373
root - DEBUG - play(self,card): pendingCombination.append(candidate) - pendingCombination: ['8s | 8 | 0', '2h | 2 | 0'] - 377
root - DEBUG - CardSet.removeCard(self,card): 2h | 2 | 0 Card removed! - 203
root - DEBUG - Card object created name = None, value = -1, points = -1 - 17
root - DEBUG - CardSet __init__
8s	2h	
8	2	
0	0	
total points: 0 - 81
root - DEBUG - CardSet.sameAs(self,other): - 109
root - DEBUG - ...self: 	 Tc - 110
root - DEBUG - ...other:	 8s 2h - 111
root - DEBUG - ...if different len(names) returns false - 116
root - DEBUG - hasOverlap, set1: Tc;	 set2: 8s 2h returns false - 163
root - DEBUG - hasOverlap, set1: Tc;	 set2: 8s 2h returns false - 163
root - DEBUG - isCardInSet, set: Tc;	 card: 8s returns false - 144
root - WARNING - isCardInSet, set: Tc;	 card: None returns false - tried to check for card of type None - 138
root - DEBUG - isCardInSet, set: Tc 8s;	 card: 2h returns false - 144
root - WARNING - isCardInSet, set: Tc 8s;	 card: None returns false - tried to check for card of type None - 138
root - DEBUG - addSet(self,other): to existing set: Tc	8s	2h	
10	8	2	
1	0	0	
total points: 1 added the set: 8s	2h	
8	2	
0	0	
total points: 0 - 241
root - DEBUG - CardSet __init__
Tc	8s	2h	
10	8	2	
1	0	0	
total points: 1 - 81
root - DEBUG - CardSet.removeCard(self,card): Tc | 10 | 1 Card removed! - 203
root - DEBUG - CardSet.removeCard(self,card): 8s | 8 | 0 Card removed! - 203
root - DEBUG - CardSet.removeCard(self,card): 2h | 2 | 0 Card removed! - 203
root - DEBUG - Card object created name = Ac, value = 1, points = 1 - 17
root - DEBUG - CardSet.removeCard(self,card): Ac | 1 | 1 Card removed! - 203
root - DEBUG - CardValueCombinations for the thrown card: Ac, with the available talon:['6c'] are: [] - 337
root - DEBUG - Card object created name = 6c, value = 6, points = 0 - 17
root - DEBUG - CardSet __init__
6c	
6	
0	
total points: 0 - 81
root - DEBUG - CardSet __init__
Veliko masno debelo!Same card set of cards with value: 6Number of cards is : 1
6c	
6	
0	
total points: 0 - 81
root - DEBUG - Card object created name = None, value = -1, points = -1 - 17
root - DEBUG - play(self,card) - takenACard = False - 434
root - DEBUG - isCardInSet, set: 6c;	 card: Ac returns false - 144
root - WARNING - isCardInSet, set: 6c;	 card: None returns false - tried to check for card of type None - 138
root - DEBUG - Card object created name = 7d, value = 7, points = 0 - 17
root - DEBUG - CardSet.removeCard(self,card): 7d | 7 | 0 Card removed! - 203
root - DEBUG - CardValueCombinations for the thrown card: 7d, with the available talon:['6c', 'Ac'] are: [[6, 1]] - 337
root - DEBUG - Card object created name = 6c, value = 6, points = 0 - 17
root - DEBUG - Card object created name = Ac, value = 1, points = 1 - 17
root - DEBUG - CardSet __init__
6c	Ac	
6	1	
0	1	
total points: 1 - 81
root - DEBUG - CardSet __init__
Veliko masno debelo!Same card set of cards with value: 1Number of cards is : 1
Ac	
1	
1	
total points: 1 - 81
root - DEBUG - CardSet __init__
Veliko masno debelo!Same card set of cards with value: 6Number of cards is : 1
6c	
6	
0	
total points: 0 - 81
root - DEBUG - Card object created name = None, value = -1, points = -1 - 17
root - DEBUG - Card object created name = 6c, value = 6, points = 0 - 17
root - DEBUG - Card object created name = Ac, value = 1, points = 1 - 17
root - DEBUG - CardSet __init__
6c	Ac	
6	1	
0	1	
total points: 1 - 81
root - DEBUG - Card object created name = 6c, value = 6, points = 0 - 17
root - DEBUG - play(self,card): candidate: 6c | 6 | 0 - 373
root - DEBUG - play(self,card): pendingCombination.append(candidate) - pendingCombination: ['6c | 6 | 0'] - 377
root - DEBUG - CardSet.removeCard(self,card): 6c | 6 | 0 Card removed! - 203
root - DEBUG - Card object created name = None, value = -1, points = -1 - 17
root - DEBUG - Card object created name = Ac, value = 1, points = 1 - 17
root - DEBUG - play(self,card): candidate: Ac | 1 | 1 - 373
root - DEBUG - play(self,card): pendingCombination.append(candidate) - pendingCombination: ['6c | 6 | 0', 'Ac | 1 | 1'] - 377
root - DEBUG - CardSet.removeCard(self,card): Ac | 1 | 1 Card removed! - 203
root - DEBUG - Card object created name = None, value = -1, points = -1 - 17
root - DEBUG - CardSet __init__
6c	Ac	
6	1	
0	1	
total points: 1 - 81
root - DEBUG - CardSet __init__
6c	Ac	
6	1	
0	1	
total points: 1 - 81
root - DEBUG - CardSet.removeCard(self,card): 6c | 6 | 0 Card removed! - 203
root - DEBUG - CardSet.removeCard(self,card): Ac | 1 | 1 Card removed! - 203
root - DEBUG - Card object created name = 3h, value = 3, points = 0 - 17
root - DEBUG - CardSet.removeCard(self,card): 3h | 3 | 0 Card removed! - 203
root - DEBUG - CardValueCombinations for the thrown card: 3h, with the available talon:[] are: [] - 337
root - DEBUG - CardSet __init__



total points: 0 - 81
root - DEBUG - Card object created name = None, value = -1, points = -1 - 17
root - DEBUG - play(self,card) - takenACard = False - 434
root - DEBUG - isCardInSet, set: ;	 card: 3h returns false - 144
root - WARNING - isCardInSet, set: ;	 card: None returns false - tried to check for card of type None - 138
